<?xml version="1.0" encoding="UTF-8"?>
<!-- Generated by org.testng.reporters.JUnitReportReporter -->
<testsuite skipped="0" hostname="LAPTOP-E2FFA7B3" name="psm.psm_update" tests="2" failures="0" timestamp="2019-09-13T13:44:03 IST" time="134.211" errors="0">
  <testcase name="login" time="7.483" classname="psm.psm_update"/>
  <testcase name="update" time="126.728" classname="psm.psm_update"/>
</testsuite> <!-- psm.psm_update -->
