<?xml version="1.0" encoding="UTF-8"?>
<!-- Generated by org.testng.reporters.JUnitReportReporter -->
<testsuite skipped="0" hostname="LAPTOP-E2FFA7B3" name="psm.psm_edit" tests="2" failures="0" timestamp="2019-09-15T19:55:59 IST" time="131.694" errors="0">
  <testcase name="login" time="7.306" classname="psm.psm_edit"/>
  <testcase name="edit" time="124.388" classname="psm.psm_edit"/>
</testsuite> <!-- psm.psm_edit -->
